Arguments: 
  /home/valteroff/.nvm/versions/node/v16.13.2/bin/node /usr/share/yarn/bin/yarn.js set version stable

PATH: 
  /home/valteroff/.rbenv/bin:/home/valteroff/.rbenv/shims:/home/valteroff/.rbenv/shims:/home/valteroff/.rbenv/shims:/home/valteroff/.rbenv/bin:/home/valteroff/.nvm/versions/node/v16.13.2/bin:/usr/local/bin:/usr/bin:/bin:/usr/local/games:/usr/games:/usr/local/sbin:/usr/sbin:/sbin

Yarn version: 
  1.22.5

Node version: 
  16.13.2

Platform: 
  linux x64

Trace: 
  Error: Release not found: stable
      at /usr/share/yarn/lib/cli.js:90297:17
      at Generator.next (<anonymous>)
      at step (/usr/share/yarn/lib/cli.js:310:30)
      at /usr/share/yarn/lib/cli.js:321:13
      at processTicksAndRejections (node:internal/process/task_queues:96:5)

npm manifest: 
  No manifest

yarn manifest: 
  No manifest

Lockfile: 
  # THIS IS AN AUTOGENERATED FILE. DO NOT EDIT THIS FILE DIRECTLY.
  # yarn lockfile v1
